<?xml version="1.0" encoding="UTF-8"?>
<!-- Generated by org.testng.reporters.JUnitReportReporter -->
<testsuite skipped="0" hostname="Zinnun" name="TestCases.TA0001_GET_getAllBookings" tests="1" failures="0" timestamp="2022-05-27T08:02:43 BDT" time="4.105" errors="0">
  <testcase name="getBookingDetails" time="4.105" classname="TestCases.TA0001_GET_getAllBookings"/>
  <system-out/>
</testsuite> <!-- TestCases.TA0001_GET_getAllBookings -->
