<?xml version="1.0" encoding="UTF-8"?>
<!-- Generated by org.testng.reporters.JUnitReportReporter -->
<testsuite hostname="Zinnun" failures="0" tests="1" name="TestCases.TC0008_BasicAuth" time="3.510" errors="0" timestamp="2022-06-01T20:23:21 BDT" skipped="0">
  <testcase classname="TestCases.TC0008_BasicAuth" name="auth" time="3.510"/>
  <system-out/>
</testsuite> <!-- TestCases.TC0008_BasicAuth -->
