<?xml version="1.0" encoding="UTF-8"?>
<!-- Generated by org.testng.reporters.JUnitReportReporter -->
<testsuite hostname="Zinnun" failures="0" tests="4" name="com.restfulbooker.testcases.TC0007_DataDrivenTest_AddNewEmployee" time="16.590" errors="0" timestamp="2022-06-04T10:45:19 BDT" skipped="0">
  <testcase classname="com.restfulbooker.testcases.TC0007_DataDrivenTest_AddNewEmployee" name="postNewEmployees" time="3.449"/>
  <system-out/>
  <testcase classname="com.restfulbooker.testcases.TC0007_DataDrivenTest_AddNewEmployee" name="postNewEmployees" time="5.881"/>
  <system-out/>
  <testcase classname="com.restfulbooker.testcases.TC0007_DataDrivenTest_AddNewEmployee" name="postNewEmployees" time="3.688"/>
  <system-out/>
  <testcase classname="com.restfulbooker.testcases.TC0007_DataDrivenTest_AddNewEmployee" name="postNewEmployees" time="3.572"/>
  <system-out/>
</testsuite> <!-- com.restfulbooker.testcases.TC0007_DataDrivenTest_AddNewEmployee -->
