<?xml version="1.0" encoding="UTF-8"?>
<!-- Generated by org.testng.reporters.JUnitReportReporter -->
<testsuite hostname="Zinnun" failures="0" tests="9" name="com.restfulbooker.testcases.TA0003_POST_createBooking" time="0.718" errors="0" timestamp="2022-06-19T10:42:27 BDT" skipped="0">
  <testcase classname="com.restfulbooker.testcases.TA0003_POST_createBooking" name="checkResponseTime" time="0.008"/>
  <system-out/>
  <testcase classname="com.restfulbooker.testcases.TA0003_POST_createBooking" name="checkContentEncoding" time="0.007"/>
  <system-out/>
  <testcase classname="com.restfulbooker.testcases.TA0003_POST_createBooking" name="checkStatusCode" time="0.002"/>
  <system-out/>
  <testcase classname="com.restfulbooker.testcases.TA0003_POST_createBooking" name="getAllHeaders" time="0.003"/>
  <system-out/>
  <testcase classname="com.restfulbooker.testcases.TA0003_POST_createBooking" name="tearDown" time="0.002"/>
  <system-out/>
  <testcase classname="com.restfulbooker.testcases.TA0003_POST_createBooking" name="checkServer" time="0.003"/>
  <system-out/>
  <testcase classname="com.restfulbooker.testcases.TA0003_POST_createBooking" name="checkBookingID" time="0.687"/>
  <system-out/>
  <testcase classname="com.restfulbooker.testcases.TA0003_POST_createBooking" name="checkStatusLine" time="0.003"/>
  <system-out/>
  <testcase classname="com.restfulbooker.testcases.TA0003_POST_createBooking" name="checkResponseBody" time="0.003"/>
  <system-out/>
</testsuite> <!-- com.restfulbooker.testcases.TA0003_POST_createBooking -->
