<?xml version="1.0" encoding="UTF-8"?>
<!-- Generated by org.testng.reporters.JUnitReportReporter -->
<testsuite hostname="Zinnun" failures="0" tests="7" name="com.restfulbooker.testcases.TA0005_PATCH_partialUpdateBooking" time="0.025" errors="0" timestamp="2022-06-08T10:29:12 BDT" skipped="0">
  <testcase classname="com.restfulbooker.testcases.TA0005_PATCH_partialUpdateBooking" name="checkStatusLine" time="0.001"/>
  <system-out/>
  <testcase classname="com.restfulbooker.testcases.TA0005_PATCH_partialUpdateBooking" name="getAllHeaders" time="0.002"/>
  <system-out/>
  <testcase classname="com.restfulbooker.testcases.TA0005_PATCH_partialUpdateBooking" name="checkResponseTime" time="0.001"/>
  <system-out/>
  <testcase classname="com.restfulbooker.testcases.TA0005_PATCH_partialUpdateBooking" name="checkResponseBody" time="0.012"/>
  <system-out/>
  <testcase classname="com.restfulbooker.testcases.TA0005_PATCH_partialUpdateBooking" name="checkContentEncoding" time="0.007"/>
  <system-out/>
  <testcase classname="com.restfulbooker.testcases.TA0005_PATCH_partialUpdateBooking" name="checkServer" time="0.001"/>
  <system-out/>
  <testcase classname="com.restfulbooker.testcases.TA0005_PATCH_partialUpdateBooking" name="checkStatusCode" time="0.001"/>
  <system-out/>
</testsuite> <!-- com.restfulbooker.testcases.TA0005_PATCH_partialUpdateBooking -->
