<?xml version="1.0" encoding="UTF-8"?>
<!-- Generated by org.testng.reporters.JUnitReportReporter -->
<testsuite skipped="0" hostname="Zinnun" name="TestCases.TA0002_POST_createBooking" tests="1" failures="0" timestamp="2022-05-28T16:02:09 BDT" time="4.251" errors="0">
  <testcase name="rest" time="4.251" classname="TestCases.TA0002_POST_createBooking"/>
  <system-out/>
</testsuite> <!-- TestCases.TA0002_POST_createBooking -->
