<?xml version="1.0" encoding="UTF-8"?>
<!-- Generated by org.testng.reporters.JUnitReportReporter -->
<testsuite hostname="Zinnun" failures="0" tests="7" name="com.restfulbooker.testcases.TA0001_GET_getAllBookings" time="35.871" errors="0" timestamp="2022-06-08T12:31:53 BDT" skipped="0">
  <testcase classname="com.restfulbooker.testcases.TA0001_GET_getAllBookings" name="checkStatusLine" time="0.001"/>
  <system-out/>
  <testcase classname="com.restfulbooker.testcases.TA0001_GET_getAllBookings" name="checkServer" time="0.002"/>
  <system-out/>
  <testcase classname="com.restfulbooker.testcases.TA0001_GET_getAllBookings" name="checkResponseBody" time="35.849"/>
  <system-out/>
  <testcase classname="com.restfulbooker.testcases.TA0001_GET_getAllBookings" name="checkResponseTime" time="0.007"/>
  <system-out/>
  <testcase classname="com.restfulbooker.testcases.TA0001_GET_getAllBookings" name="getAllHeaders" time="0.003"/>
  <system-out/>
  <testcase classname="com.restfulbooker.testcases.TA0001_GET_getAllBookings" name="checkContentEncoding" time="0.008"/>
  <system-out/>
  <testcase classname="com.restfulbooker.testcases.TA0001_GET_getAllBookings" name="checkStatusCode" time="0.001"/>
  <system-out/>
</testsuite> <!-- com.restfulbooker.testcases.TA0001_GET_getAllBookings -->
