<?xml version="1.0" encoding="UTF-8"?>
<!-- Generated by org.testng.reporters.JUnitReportReporter -->
<testsuite skipped="0" hostname="Zinnun" name="TestCases.TA0002_getAllBookings" tests="1" failures="0" timestamp="2022-05-28T12:29:36 BDT" time="3.586" errors="0">
  <testcase name="getAllBookingIDs" time="3.586" classname="TestCases.TA0002_getAllBookings"/>
  <system-out/>
</testsuite> <!-- TestCases.TA0002_getAllBookings -->
