<?xml version="1.0" encoding="UTF-8"?>
<!-- Generated by org.testng.reporters.JUnitReportReporter -->
<testsuite hostname="Zinnun" failures="0" tests="4" name="com.restfulbooker.testcases.TC0007_DataDrivenTest_AddNewEmployee" time="14.995" errors="0" timestamp="2022-06-19T10:43:04 BDT" skipped="0">
  <testcase classname="com.restfulbooker.testcases.TC0007_DataDrivenTest_AddNewEmployee" name="postNewEmployees" time="3.136"/>
  <system-out/>
  <testcase classname="com.restfulbooker.testcases.TC0007_DataDrivenTest_AddNewEmployee" name="postNewEmployees" time="3.258"/>
  <system-out/>
  <testcase classname="com.restfulbooker.testcases.TC0007_DataDrivenTest_AddNewEmployee" name="postNewEmployees" time="3.375"/>
  <system-out/>
  <testcase classname="com.restfulbooker.testcases.TC0007_DataDrivenTest_AddNewEmployee" name="postNewEmployees" time="5.226"/>
  <system-out/>
</testsuite> <!-- com.restfulbooker.testcases.TC0007_DataDrivenTest_AddNewEmployee -->
