<?xml version="1.0" encoding="UTF-8"?>
<!-- Generated by org.testng.reporters.JUnitReportReporter -->
<testsuite hostname="Zinnun" failures="0" tests="8" name="com.restfulbooker.testcases.TA0001_GET_getAllBookings" time="9.547" errors="0" timestamp="2022-06-19T12:04:30 BDT" skipped="0">
  <testcase classname="com.restfulbooker.testcases.TA0001_GET_getAllBookings" name="checkResponseTime" time="0.019"/>
  <system-out/>
  <testcase classname="com.restfulbooker.testcases.TA0001_GET_getAllBookings" name="checkContentEncoding" time="0.071"/>
  <system-out/>
  <testcase classname="com.restfulbooker.testcases.TA0001_GET_getAllBookings" name="getAllHeaders" time="0.006"/>
  <system-out/>
  <testcase classname="com.restfulbooker.testcases.TA0001_GET_getAllBookings" name="tearDown" time="0.002"/>
  <system-out/>
  <testcase classname="com.restfulbooker.testcases.TA0001_GET_getAllBookings" name="checkStatusCode" time="0.004"/>
  <system-out/>
  <testcase classname="com.restfulbooker.testcases.TA0001_GET_getAllBookings" name="checkResponseBody" time="9.438"/>
  <system-out/>
  <testcase classname="com.restfulbooker.testcases.TA0001_GET_getAllBookings" name="checkStatusLine" time="0.002"/>
  <system-out/>
  <testcase classname="com.restfulbooker.testcases.TA0001_GET_getAllBookings" name="checkServer" time="0.005"/>
  <system-out/>
</testsuite> <!-- com.restfulbooker.testcases.TA0001_GET_getAllBookings -->
