<?xml version="1.0" encoding="UTF-8"?>
<!-- Generated by org.testng.reporters.JUnitReportReporter -->
<testsuite hostname="Zinnun" failures="0" tests="1" name="TestCases.TA0007_DELETE_Request" time="4.054" errors="0" timestamp="2022-06-01T11:21:07 BDT" skipped="0">
  <testcase classname="TestCases.TA0007_DELETE_Request" name="getBookingDetails" time="4.054"/>
  <system-out/>
</testsuite> <!-- TestCases.TA0007_DELETE_Request -->
