<?xml version="1.0" encoding="UTF-8"?>
<!-- Generated by org.testng.reporters.JUnitReportReporter -->
<testsuite skipped="0" hostname="Zinnun" name="TestCases.TA0005_partialUpdateBooking" tests="1" failures="0" timestamp="2022-05-29T11:53:50 BDT" time="3.379" errors="0">
  <testcase name="rest" time="3.379" classname="TestCases.TA0005_partialUpdateBooking"/>
  <system-out/>
</testsuite> <!-- TestCases.TA0005_partialUpdateBooking -->
