<?xml version="1.0" encoding="UTF-8"?>
<!-- Generated by org.testng.reporters.JUnitReportReporter -->
<testsuite hostname="Zinnun" failures="0" tests="1" name="TestCases.TA0003_POST_createBooking" time="4.663" errors="0" timestamp="2022-06-01T20:21:23 BDT" skipped="0">
  <testcase classname="TestCases.TA0003_POST_createBooking" name="rest" time="4.663"/>
  <system-out/>
</testsuite> <!-- TestCases.TA0003_POST_createBooking -->
