<?xml version="1.0" encoding="UTF-8"?>
<!-- Generated by org.testng.reporters.JUnitReportReporter -->
<testsuite hostname="Zinnun" failures="0" tests="4" name="TestCases.TC0005_DataDrivenTest_AddNewEmployee" time="20.440" errors="0" timestamp="2022-06-01T13:11:54 BDT" skipped="0">
  <testcase classname="TestCases.TC0005_DataDrivenTest_AddNewEmployee" name="postNewEmployees" time="6.052"/>
  <system-out/>
  <testcase classname="TestCases.TC0005_DataDrivenTest_AddNewEmployee" name="postNewEmployees" time="4.796"/>
  <system-out/>
  <testcase classname="TestCases.TC0005_DataDrivenTest_AddNewEmployee" name="postNewEmployees" time="4.644"/>
  <system-out/>
  <testcase classname="TestCases.TC0005_DataDrivenTest_AddNewEmployee" name="postNewEmployees" time="4.948"/>
  <system-out/>
</testsuite> <!-- TestCases.TC0005_DataDrivenTest_AddNewEmployee -->
