<?xml version="1.0" encoding="UTF-8"?>
<!-- Generated by org.testng.reporters.JUnitReportReporter -->
<testsuite hostname="Zinnun" failures="0" tests="1" name="com.restfulbooker.testcases.TA0002_GET_getAllBookings" time="4.262" errors="0" timestamp="2022-06-04T10:46:57 BDT" skipped="0">
  <testcase classname="com.restfulbooker.testcases.TA0002_GET_getAllBookings" name="getAllBookingIDs" time="4.262"/>
  <system-out/>
</testsuite> <!-- com.restfulbooker.testcases.TA0002_GET_getAllBookings -->
