<?xml version="1.0" encoding="UTF-8"?>
<!-- Generated by org.testng.reporters.JUnitReportReporter -->
<testsuite skipped="0" hostname="Zinnun" name="TestCases.TA0005_DataDrivenTest_AddNewEmployee" tests="4" failures="0" timestamp="2022-01-30T19:44:59 BDT" time="8.236" errors="0">
  <testcase name="postNewEmployees" time="1.595" classname="TestCases.TA0005_DataDrivenTest_AddNewEmployee"/>
  <system-out/>
  <testcase name="postNewEmployees" time="1.529" classname="TestCases.TA0005_DataDrivenTest_AddNewEmployee"/>
  <system-out/>
  <testcase name="postNewEmployees" time="3.531" classname="TestCases.TA0005_DataDrivenTest_AddNewEmployee"/>
  <system-out/>
  <testcase name="postNewEmployees" time="1.581" classname="TestCases.TA0005_DataDrivenTest_AddNewEmployee"/>
  <system-out/>
</testsuite> <!-- TestCases.TA0005_DataDrivenTest_AddNewEmployee -->
