<?xml version="1.0" encoding="UTF-8"?>
<!-- Generated by org.testng.reporters.JUnitReportReporter -->
<testsuite hostname="Zinnun" failures="0" tests="8" name="com.restfulbooker.testcases.TC0008_createToken" time="0.045" errors="0" timestamp="2022-06-09T12:09:30 BDT" skipped="0">
  <testcase classname="com.restfulbooker.testcases.TC0008_createToken" name="checkStatusLine" time="0.002"/>
  <system-out/>
  <testcase classname="com.restfulbooker.testcases.TC0008_createToken" name="getAllHeaders" time="0.004"/>
  <system-out/>
  <testcase classname="com.restfulbooker.testcases.TC0008_createToken" name="checkResponseTime" time="0.009"/>
  <system-out/>
  <testcase classname="com.restfulbooker.testcases.TC0008_createToken" name="checkResponseBody" time="0.015"/>
  <system-out/>
  <testcase classname="com.restfulbooker.testcases.TC0008_createToken" name="checkServer" time="0.002"/>
  <system-out/>
  <testcase classname="com.restfulbooker.testcases.TC0008_createToken" name="tearDown" time="0.001"/>
  <system-out/>
  <testcase classname="com.restfulbooker.testcases.TC0008_createToken" name="checkContentEncoding" time="0.009"/>
  <system-out/>
  <testcase classname="com.restfulbooker.testcases.TC0008_createToken" name="checkStatusCode" time="0.003"/>
  <system-out/>
</testsuite> <!-- com.restfulbooker.testcases.TC0008_createToken -->
