<?xml version="1.0" encoding="UTF-8"?>
<!-- Generated by org.testng.reporters.JUnitReportReporter -->
<testsuite skipped="0" hostname="Zinnun" name="TestCases.TA0006_PUT_Request2" tests="1" failures="0" timestamp="2022-05-29T11:10:47 BDT" time="3.507" errors="0">
  <testcase name="rest" time="3.507" classname="TestCases.TA0006_PUT_Request2"/>
  <system-out/>
</testsuite> <!-- TestCases.TA0006_PUT_Request2 -->
