<?xml version="1.0" encoding="UTF-8"?>
<!-- Generated by org.testng.reporters.JUnitReportReporter -->
<testsuite skipped="0" hostname="Zinnun" name="TA0001_GET_Request" tests="1" failures="0" timestamp="2021-11-21T11:03:10 BDT" time="2.603" errors="0">
  <testcase name="getWeatherDetails" time="2.603" classname="TA0001_GET_Request"/>
  <system-out/>
</testsuite> <!-- TA0001_GET_Request -->
