<?xml version="1.0" encoding="UTF-8"?>
<!-- Generated by org.testng.reporters.JUnitReportReporter -->
<testsuite hostname="Zinnun" failures="0" tests="9" name="com.restfulbooker.testcases.TA0002_GET_getBookingDetails" time="0.676" errors="0" timestamp="2022-06-19T10:39:57 BDT" skipped="0">
  <testcase classname="com.restfulbooker.testcases.TA0002_GET_getBookingDetails" name="getEveryDetails" time="0.652"/>
  <system-out/>
  <testcase classname="com.restfulbooker.testcases.TA0002_GET_getBookingDetails" name="checkResponseTime" time="0.003"/>
  <system-out/>
  <testcase classname="com.restfulbooker.testcases.TA0002_GET_getBookingDetails" name="checkContentEncoding" time="0.003"/>
  <system-out/>
  <testcase classname="com.restfulbooker.testcases.TA0002_GET_getBookingDetails" name="checkStatusCode" time="0.003"/>
  <system-out/>
  <testcase classname="com.restfulbooker.testcases.TA0002_GET_getBookingDetails" name="checkServer" time="0.003"/>
  <system-out/>
  <testcase classname="com.restfulbooker.testcases.TA0002_GET_getBookingDetails" name="checkResponseBody" time="0.004"/>
  <system-out/>
  <testcase classname="com.restfulbooker.testcases.TA0002_GET_getBookingDetails" name="checkStatusLine" time="0.002"/>
  <system-out/>
  <testcase classname="com.restfulbooker.testcases.TA0002_GET_getBookingDetails" name="getAllHeaders" time="0.005"/>
  <system-out/>
  <testcase classname="com.restfulbooker.testcases.TA0002_GET_getBookingDetails" name="tearDown" time="0.001"/>
  <system-out/>
</testsuite> <!-- com.restfulbooker.testcases.TA0002_GET_getBookingDetails -->
