<?xml version="1.0" encoding="UTF-8"?>
<!-- Generated by org.testng.reporters.JUnitReportReporter -->
<testsuite hostname="Zinnun" failures="0" tests="8" name="com.restfulbooker.testcases.TA0004_PUT_updateBooking" time="0.109" errors="0" timestamp="2022-06-19T10:39:57 BDT" skipped="0">
  <testcase classname="com.restfulbooker.testcases.TA0004_PUT_updateBooking" name="getAllHeaders" time="0.003"/>
  <system-out/>
  <testcase classname="com.restfulbooker.testcases.TA0004_PUT_updateBooking" name="checkContentEncoding" time="0.059"/>
  <system-out/>
  <testcase classname="com.restfulbooker.testcases.TA0004_PUT_updateBooking" name="checkResponseBody" time="0.030"/>
  <system-out/>
  <testcase classname="com.restfulbooker.testcases.TA0004_PUT_updateBooking" name="checkServer" time="0.003"/>
  <system-out/>
  <testcase classname="com.restfulbooker.testcases.TA0004_PUT_updateBooking" name="checkStatusLine" time="0.002"/>
  <system-out/>
  <testcase classname="com.restfulbooker.testcases.TA0004_PUT_updateBooking" name="checkResponseTime" time="0.007"/>
  <system-out/>
  <testcase classname="com.restfulbooker.testcases.TA0004_PUT_updateBooking" name="tearDown" time="0.003"/>
  <system-out/>
  <testcase classname="com.restfulbooker.testcases.TA0004_PUT_updateBooking" name="checkStatusCode" time="0.002"/>
  <system-out/>
</testsuite> <!-- com.restfulbooker.testcases.TA0004_PUT_updateBooking -->
