<?xml version="1.0" encoding="UTF-8"?>
<!-- Generated by org.testng.reporters.JUnitReportReporter -->
<testsuite skipped="0" hostname="Zinnun" name="TestCases.TA0005_DataDrivenTest_AddNewEmployee" tests="4" failures="0" timestamp="2022-01-29T16:44:07 BDT" time="8.387" errors="0">
  <testcase name="postNewEmployees" time="1.807" classname="TestCases.TA0005_DataDrivenTest_AddNewEmployee"/>
  <system-out/>
  <testcase name="postNewEmployees" time="3.205" classname="TestCases.TA0005_DataDrivenTest_AddNewEmployee"/>
  <system-out/>
  <testcase name="postNewEmployees" time="1.740" classname="TestCases.TA0005_DataDrivenTest_AddNewEmployee"/>
  <system-out/>
  <testcase name="postNewEmployees" time="1.635" classname="TestCases.TA0005_DataDrivenTest_AddNewEmployee"/>
  <system-out/>
</testsuite> <!-- TestCases.TA0005_DataDrivenTest_AddNewEmployee -->
