<?xml version="1.0" encoding="UTF-8"?>
<!-- Generated by org.testng.reporters.JUnitReportReporter -->
<testsuite skipped="0" hostname="Zinnun" name="TestCases.TA0003_GET_Request" tests="1" failures="0" timestamp="2022-01-23T23:26:46 BDT" time="1.505" errors="0">
  <testcase name="getLocationDetails" time="1.505" classname="TestCases.TA0003_GET_Request"/>
  <system-out/>
</testsuite> <!-- TestCases.TA0003_GET_Request -->
