<?xml version="1.0" encoding="UTF-8"?>
<!-- Generated by org.testng.reporters.JUnitReportReporter -->
<testsuite hostname="Zinnun" failures="0" tests="8" name="com.restfulbooker.testcases.TA0005_PATCH_partialUpdateBooking" time="0.022" errors="0" timestamp="2022-06-19T10:39:57 BDT" skipped="0">
  <testcase classname="com.restfulbooker.testcases.TA0005_PATCH_partialUpdateBooking" name="checkResponseTime" time="0.003"/>
  <system-out/>
  <testcase classname="com.restfulbooker.testcases.TA0005_PATCH_partialUpdateBooking" name="checkContentEncoding" time="0.003"/>
  <system-out/>
  <testcase classname="com.restfulbooker.testcases.TA0005_PATCH_partialUpdateBooking" name="checkStatusCode" time="0.002"/>
  <system-out/>
  <testcase classname="com.restfulbooker.testcases.TA0005_PATCH_partialUpdateBooking" name="getAllHeaders" time="0.004"/>
  <system-out/>
  <testcase classname="com.restfulbooker.testcases.TA0005_PATCH_partialUpdateBooking" name="checkServer" time="0.003"/>
  <system-out/>
  <testcase classname="com.restfulbooker.testcases.TA0005_PATCH_partialUpdateBooking" name="checkStatusLine" time="0.002"/>
  <system-out/>
  <testcase classname="com.restfulbooker.testcases.TA0005_PATCH_partialUpdateBooking" name="tearDown" time="0.002"/>
  <system-out/>
  <testcase classname="com.restfulbooker.testcases.TA0005_PATCH_partialUpdateBooking" name="checkResponseBody" time="0.003"/>
  <system-out/>
</testsuite> <!-- com.restfulbooker.testcases.TA0005_PATCH_partialUpdateBooking -->
