<?xml version="1.0" encoding="UTF-8"?>
<!-- Generated by org.testng.reporters.JUnitReportReporter -->
<testsuite skipped="0" hostname="Zinnun" name="TestCases.TA0001_GET_getBookingDetails" tests="1" failures="0" timestamp="2022-05-28T12:18:03 BDT" time="4.537" errors="0">
  <testcase name="getBookingDetails" time="4.537" classname="TestCases.TA0001_GET_getBookingDetails"/>
  <system-out/>
</testsuite> <!-- TestCases.TA0001_GET_getBookingDetails -->
